{"total": {"lines":{"total":430,"covered":380,"skipped":0,"pct":88.37},"statements":{"total":441,"covered":387,"skipped":0,"pct":87.75},"functions":{"total":86,"covered":77,"skipped":0,"pct":89.53},"branches":{"total":232,"covered":169,"skipped":0,"pct":72.84},"branchesTrue":{"total":0,"covered":0,"skipped":0,"pct":100}}
,"/home/runner/work/beacon/beacon/src/entrypoint.ts": {"lines":{"total":14,"covered":6,"skipped":0,"pct":42.85},"functions":{"total":1,"covered":1,"skipped":0,"pct":100},"statements":{"total":14,"covered":6,"skipped":0,"pct":42.85},"branches":{"total":16,"covered":2,"skipped":0,"pct":12.5}}
,"/home/runner/work/beacon/beacon/src/beacon/core.ts": {"lines":{"total":86,"covered":78,"skipped":0,"pct":90.69},"functions":{"total":18,"covered":15,"skipped":0,"pct":83.33},"statements":{"total":88,"covered":80,"skipped":0,"pct":90.9},"branches":{"total":54,"covered":46,"skipped":0,"pct":85.18}}
,"/home/runner/work/beacon/beacon/src/beacon/lib/constants.ts": {"lines":{"total":11,"covered":11,"skipped":0,"pct":100},"functions":{"total":0,"covered":0,"skipped":0,"pct":100},"statements":{"total":11,"covered":11,"skipped":0,"pct":100},"branches":{"total":0,"covered":0,"skipped":0,"pct":100}}
,"/home/runner/work/beacon/beacon/src/beacon/lib/logger.ts": {"lines":{"total":24,"covered":23,"skipped":0,"pct":95.83},"functions":{"total":6,"covered":6,"skipped":0,"pct":100},"statements":{"total":26,"covered":25,"skipped":0,"pct":96.15},"branches":{"total":10,"covered":9,"skipped":0,"pct":90}}
,"/home/runner/work/beacon/beacon/src/beacon/lib/meta.ts": {"lines":{"total":29,"covered":29,"skipped":0,"pct":100},"functions":{"total":5,"covered":5,"skipped":0,"pct":100},"statements":{"total":29,"covered":29,"skipped":0,"pct":100},"branches":{"total":14,"covered":12,"skipped":0,"pct":85.71}}
,"/home/runner/work/beacon/beacon/src/beacon/lib/session.ts": {"lines":{"total":32,"covered":29,"skipped":0,"pct":90.62},"functions":{"total":7,"covered":7,"skipped":0,"pct":100},"statements":{"total":32,"covered":29,"skipped":0,"pct":90.62},"branches":{"total":13,"covered":9,"skipped":0,"pct":69.23}}
,"/home/runner/work/beacon/beacon/src/beacon/lib/settings.ts": {"lines":{"total":20,"covered":19,"skipped":0,"pct":95},"functions":{"total":2,"covered":2,"skipped":0,"pct":100},"statements":{"total":20,"covered":19,"skipped":0,"pct":95},"branches":{"total":5,"covered":4,"skipped":0,"pct":80}}
,"/home/runner/work/beacon/beacon/src/beacon/lib/storage.ts": {"lines":{"total":22,"covered":20,"skipped":0,"pct":90.9},"functions":{"total":7,"covered":7,"skipped":0,"pct":100},"statements":{"total":22,"covered":20,"skipped":0,"pct":90.9},"branches":{"total":16,"covered":10,"skipped":0,"pct":62.5}}
,"/home/runner/work/beacon/beacon/src/beacon/lib/user.ts": {"lines":{"total":25,"covered":21,"skipped":0,"pct":84},"functions":{"total":5,"covered":4,"skipped":0,"pct":80},"statements":{"total":25,"covered":21,"skipped":0,"pct":84},"branches":{"total":10,"covered":6,"skipped":0,"pct":60}}
,"/home/runner/work/beacon/beacon/src/beacon/lib/utils.ts": {"lines":{"total":21,"covered":21,"skipped":0,"pct":100},"functions":{"total":7,"covered":7,"skipped":0,"pct":100},"statements":{"total":21,"covered":21,"skipped":0,"pct":100},"branches":{"total":4,"covered":4,"skipped":0,"pct":100}}
,"/home/runner/work/beacon/beacon/src/beacon/trackers/base.ts": {"lines":{"total":9,"covered":9,"skipped":0,"pct":100},"functions":{"total":2,"covered":2,"skipped":0,"pct":100},"statements":{"total":9,"covered":9,"skipped":0,"pct":100},"branches":{"total":2,"covered":1,"skipped":0,"pct":50}}
,"/home/runner/work/beacon/beacon/src/beacon/trackers/click.ts": {"lines":{"total":83,"covered":72,"skipped":0,"pct":86.74},"functions":{"total":10,"covered":10,"skipped":0,"pct":100},"statements":{"total":88,"covered":73,"skipped":0,"pct":82.95},"branches":{"total":62,"covered":44,"skipped":0,"pct":70.96}}
,"/home/runner/work/beacon/beacon/src/beacon/trackers/form.ts": {"lines":{"total":24,"covered":24,"skipped":0,"pct":100},"functions":{"total":5,"covered":5,"skipped":0,"pct":100},"statements":{"total":25,"covered":25,"skipped":0,"pct":100},"branches":{"total":24,"covered":20,"skipped":0,"pct":83.33}}
,"/home/runner/work/beacon/beacon/src/beacon/trackers/page.ts": {"lines":{"total":30,"covered":18,"skipped":0,"pct":60},"functions":{"total":11,"covered":6,"skipped":0,"pct":54.54},"statements":{"total":31,"covered":19,"skipped":0,"pct":61.29},"branches":{"total":2,"covered":2,"skipped":0,"pct":100}}
}
